[LOG] System::create                           : Header version = 1.10.08. Current version = 1.10.08.
[LOG] SystemI::setOutputInternal               : Setting output to 'FMOD WASAPI Output'
[LOG] Manager::init                            : maxchannels = 1024 studioflags = 00000008 flags 00000000 extradriverdata 0000000000000000.
[LOG] SystemI::init                            : Initialize version=11008 (96768), maxchannels=1024, flags=0x00020000
[LOG] OutputWASAPI::init                       : Mix Format (WAVEFORMATEX): wFormatTag=0xFFFE, nChannels=2, nSamplesPerSec=48000, nAvgBytesPerSec=384000, nBlockAlign=8, wBitsPerSample=32, cbSize=22.
[LOG] OutputWASAPI::init                       : Mix Format (WAVEFORMATEXTENSIBLE): wValidBitsPerSample=32, dwChannelMask=0x00000003, SubFormat=00000003-0000-0010-8000-00AA00389B71.
[LOG] OutputWASAPI::init                       : Output buffer size: 4096 samples, latency: 0.00ms, period: 10.00ms, DSP buffer: 1024 * 4
[LOG] Thread::initThread                       : Init FMOD stream thread. Priority: 2, Stack Size: 65536, Semaphore: No, Sleep Time: 10, Looping: Yes.
[LOG] SystemI::DSPCodecPoolRegister            : register codec pool for pool type 5
[LOG] Thread::initThread                       : Init FMOD mixer thread. Priority: 3, Stack Size: 49152, Semaphore: No, Sleep Time: 0, Looping: Yes.
[LOG] AsyncManager::init                       : manager 000001887A15B858 isAsync 1 updatePeriod 0.02
[LOG] Thread::initThread                       : Init FMOD Studio update thread. Priority: 0, Stack Size: 65536, Semaphore: No, Sleep Time: 1, Looping: No.
[LOG] AsyncManager::init                       : done
[LOG] PlaybackSystem::init                     : 
[LOG] Thread::initThread                       : Init FMOD Studio sample load thread. Priority: 0, Stack Size: 65536, Semaphore: No, Sleep Time: 1, Looping: No.
[LOG] PlaybackSystem::init                     : done
[LOG] Thread::initThread                       : Init FMOD Studio bank load thread. Priority: 0, Stack Size: 65536, Semaphore: No, Sleep Time: 1, Looping: No.
[LOG] Manager::init                            : done.
[LOG] Manager::readBank                        : fileversion = 100, compatVersion = 99 (oldest = 44, newest = 100)
[LOG] Manager::readBank                        : fileversion = 100, compatVersion = 99 (oldest = 44, newest = 100)
[LOG] PlaybackSystem::acquireMasterBus         : Setting master channel group format to 3
[LOG] SystemI::createSound                     : filename = ProjectContext2_FMOD\Build\Desktop/Master Bank.bank : mode 02010082
[LOG] SystemI::createSound                     : FMOD_NONBLOCKING specified.  Putting into queue to be opened asynchronously!
[LOG] Thread::initThread                       : Init FMOD nonblocking thread (0). Priority: 1, Stack Size: 81920, Semaphore: Yes, Sleep Time: 0, Looping: Yes.
[LOG] SystemI::createSound                     : setdata soundi = 000001888EAA0E08 : node = 00000185DDEF9820
[LOG] SystemI::createSound                     : add node to async list : head = 00000185AF5D5D38.  list count = 0
[LOG] SystemI::createSound                     : filename = ProjectContext2_FMOD\Build\Desktop/Master Bank.bank : mode 02010082
[LOG] SystemI::createSound                     : FMOD_NONBLOCKING specified.  Putting into queue to be opened asynchronously!
[LOG] SystemI::createSound                     : setdata soundi = 000001888EAA08F8 : node = 00000185DDEF8DA0
[LOG] AsyncThread::threadFunc                  : Starting Asynchronous operation on sound 000001888EAA0E08
[LOG] SystemI::createSound                     : add node to async list : head = 00000185AF5D5D38.  list count = 0
[LOG] SystemI::createSoundInternal             :     Create name='ProjectContext2_FMOD\Build\Desktop/Master Bank.bank', mode=0x02010082
[LOG] SystemI::createSound                     :     filename = ProjectContext2_FMOD\Build\Desktop/Master Bank.bank : mode 02010082
[LOG] SystemI::createSoundInternal             :     exinfo->cbsize             = 232
[LOG] SystemI::createSound                     :     FMOD_NONBLOCKING specified.  Putting into queue to be opened asynchronously!
[LOG] SystemI::createSoundInternal             :     exinfo->length             = 43389632
[LOG] SystemI::createSound                     :     setdata soundi = 000001888EAA0C58 : node = 00000185DDEF8EF0
[LOG] SystemI::createSoundInternal             :     exinfo->fileoffset         = 183456
[LOG] SystemI::createSound                     :     add node to async list : head = 00000185AF5D5D38.  list count = 1
[LOG] SystemI::createSoundInternal             :     exinfo->numsubsounds       = 1
[LOG] SystemI::createSoundInternal             :     exinfo->inclusionlist      = 00000185DDEF9938
[LOG] SystemI::createSoundInternal             :     exinfo->inclusionlistnum   = 1
[LOG] SystemI::createSound                     :     filename = ProjectContext2_FMOD\Build\Desktop/Master Bank.bank : mode 02010082
[LOG] SystemI::createSoundInternal             :     exinfo->suggestedsoundtype = 5
[LOG] SystemI::createSound                     :     FMOD_NONBLOCKING specified.  Putting into queue to be opened asynchronously!
[LOG] SystemI::createSoundInternal             :     exinfo->initialseekpostype = 1
[LOG] SystemI::createSound                     :     setdata soundi = 000001888EAA0FB8 : node = 00000185DDEF9040
[LOG] SystemI::createSound                     :     add node to async list : head = 00000185AF5D5D38.  list count = 2
[LOG] SystemI::createSound                     :     filename = ProjectContext2_FMOD\Build\Desktop/Master Bank.bank : mode 02010082
[LOG] SystemI::createSound                     :     FMOD_NONBLOCKING specified.  Putting into queue to be opened asynchronously!
[LOG] SystemI::createSound                     :     setdata soundi = 000001888EAA1168 : node = 00000185DDEF9430
[LOG] SystemI::createSound                     :     add node to async list : head = 00000185AF5D5D38.  list count = 3
[LOG] SystemI::createSound                     :     filename = ProjectContext2_FMOD\Build\Desktop/Master Bank.bank : mode 02010082
[LOG] SystemI::createSound                     :     FMOD_NONBLOCKING specified.  Putting into queue to be opened asynchronously!
[LOG] SystemI::createSound                     :     setdata soundi = 000001888EAA1318 : node = 00000182DEE97E20
[LOG] SystemI::createSound                     :     add node to async list : head = 00000185AF5D5D38.  list count = 4
[LOG] SystemI::createSound                     :     filename = ProjectContext2_FMOD\Build\Desktop/Master Bank.bank : mode 02010082
[LOG] SystemI::createSound                     :     FMOD_NONBLOCKING specified.  Putting into queue to be opened asynchronously!
[LOG] SystemI::createSound                     :     setdata soundi = 00000183D47CFA88 : node = 00000182DEE97F70
[LOG] SystemI::createSound                     :     add node to async list : head = 00000185AF5D5D38.  list count = 5
[LOG] SystemI::createSound                     :     filename = ProjectContext2_FMOD\Build\Desktop/Master Bank.bank : mode 02010082
[LOG] SystemI::createSound                     :     FMOD_NONBLOCKING specified.  Putting into queue to be opened asynchronously!
[LOG] SystemI::createSound                     :     setdata soundi = 00000183D47CF578 : node = 00000182DEE96140
[LOG] SystemI::createSound                     :     add node to async list : head = 00000185AF5D5D38.  list count = 6
[LOG] SystemI::createSound                     :     filename = ProjectContext2_FMOD\Build\Desktop/Master Bank.bank : mode 02010082
[LOG] SystemI::createSound                     :     FMOD_NONBLOCKING specified.  Putting into queue to be opened asynchronously!
[LOG] SystemI::createSound                     :     setdata soundi = 00000183D47CF728 : node = 00000182DEE96920
[LOG] SystemI::createSound                     :     add node to async list : head = 00000185AF5D5D38.  list count = 7
[LOG] SystemI::createSound                     :     filename = ProjectContext2_FMOD\Build\Desktop/Master Bank.bank : mode 02010082
[LOG] SystemI::createSound                     :     FMOD_NONBLOCKING specified.  Putting into queue to be opened asynchronously!
[LOG] SystemI::createSound                     :     setdata soundi = 00000183D47CF8D8 : node = 00000182DEE96BC0
[LOG] SystemI::createSound                     :     add node to async list : head = 00000185AF5D5D38.  list count = 8
[LOG] SystemI::createSound                     :     filename = ProjectContext2_FMOD\Build\Desktop/Master Bank.bank : mode 02010082
[LOG] SystemI::createSound                     :     FMOD_NONBLOCKING specified.  Putting into queue to be opened asynchronously!
[LOG] SystemI::createSound                     :     setdata soundi = 00000183D47CFC38 : node = 000001800D9B4EE0
[LOG] SystemI::createSound                     :     add node to async list : head = 00000185AF5D5D38.  list count = 9
[LOG] SystemI::createSound                     :     filename = ProjectContext2_FMOD\Build\Desktop/Master Bank.bank : mode 02010082
[LOG] SystemI::createSound                     :     FMOD_NONBLOCKING specified.  Putting into queue to be opened asynchronously!
[LOG] SystemI::createSound                     :     setdata soundi = 00000183D47CFDE8 : node = 000001800D9B5960
[LOG] SystemI::createSound                     :     add node to async list : head = 00000185AF5D5D38.  list count = 10
[LOG] SystemI::createSoundInternal             :     Create name='', mode=0x02000202
[LOG] SystemI::createSoundInternal             :     exinfo->cbsize             = 232
[LOG] SystemI::createSoundInternal             :     exinfo->length             = 43389632
[LOG] SystemI::createSoundInternal             :     exinfo->fileoffset         = 183456
[LOG] SystemI::createSoundInternal             :     exinfo->numsubsounds       = 1
[LOG] SystemI::createSoundInternal             :     exinfo->inclusionlist      = 0000006E9A8EF4EC
[LOG] SystemI::createSoundInternal             :     exinfo->inclusionlistnum   = 1
[LOG] SystemI::createSoundInternal             :     exinfo->suggestedsoundtype = 5
[LOG] SystemI::createSoundInternal             :     exinfo->useropen           = 00007FF84DC9DA20
[LOG] SystemI::createSoundInternal             :     exinfo->userclose          = 00007FF84DC9D9F0
[LOG] SystemI::createSoundInternal             :     exinfo->userread           = 00007FF84DC9DAF0
[LOG] SystemI::createSoundInternal             :     exinfo->userseek           = 00007FF84DC9DBB0
[LOG] SystemI::createSoundInternal             :     exinfo->fileuserdata       = 00000180D0ACC8A8
[LOG] SystemI::createSoundInternal             :     exinfo->initialseekpostype = 1
[LOG] SystemI::createSoundInternal             :     Stream 0/1: name='Temple Blocks', format=2, channels=2, frequency=48000, lengthbytes=1329184, lengthpcm=5071557, pcmblocksize=0, loopstart=0, loopend=0, mode=0x00000000, channelmask=0x00000000, channelorder=0, peakvolume=0.141846.
[LOG] SystemI::DSPCodecPoolRegister            :     register codec pool for pool type 5
[LOG] SystemI::createSoundInternal             :     Sample 0/1: name='Kuiftrap_4', format=2, channels=2, frequency=48000, lengthbytes=12960, lengthpcm=72000, pcmblocksize=0, loopstart=0, loopend=0, mode=0x00000000, channelmask=0x00000000, channelorder=0, peakvolume=0.026855.
[LOG] SystemI::createSoundInternal             :     Create name='', mode=0x02000202
[LOG] SystemI::createSoundInternal             :     exinfo->cbsize             = 232
[LOG] SystemI::createSoundInternal             :     exinfo->length             = 43389632
[LOG] SystemI::createSoundInternal             :     exinfo->fileoffset         = 183456
[LOG] SystemI::createSoundInternal             :     exinfo->numsubsounds       = 1
[LOG] SystemI::createSoundInternal             :     exinfo->inclusionlist      = 0000006E9A8EF4EC
[LOG] SystemI::createSoundInternal             :     exinfo->inclusionlistnum   = 1
[LOG] SystemI::createSoundInternal             :     exinfo->suggestedsoundtype = 5
[LOG] SystemI::createSoundInternal             :     exinfo->useropen           = 00007FF84DC9DA20
[LOG] SystemI::createSoundInternal             :     exinfo->userclose          = 00007FF84DC9D9F0
[LOG] SystemI::createSoundInternal             :     exinfo->userread           = 00007FF84DC9DAF0
[LOG] SystemI::createSoundInternal             :     exinfo->userseek           = 00007FF84DC9DBB0
[LOG] SystemI::createSoundInternal             :     exinfo->fileuserdata       = 00000180D0ACC8A8
[LOG] SystemI::createSoundInternal             :     exinfo->initialseekpostype = 1
[LOG] SystemI::DSPCodecPoolRegister            :     register codec pool for pool type 5
[LOG] SystemI::createSoundInternal             :     Sample 0/1: name='UnnamedBird_4', format=2, channels=2, frequency=48000, lengthbytes=5504, lengthpcm=68883, pcmblocksize=0, loopstart=0, loopend=0, mode=0x00000000, channelmask=0x00000000, channelorder=0, peakvolume=0.025404.
[LOG] SystemI::createSoundInternal             :     Create name='', mode=0x02000202
[LOG] SystemI::createSoundInternal             :     exinfo->cbsize             = 232
[LOG] SystemI::createSoundInternal             :     exinfo->length             = 43389632
[LOG] SystemI::createSoundInternal             :     exinfo->fileoffset         = 183456
[LOG] SystemI::createSoundInternal             :     exinfo->numsubsounds       = 1
[LOG] SystemI::createSoundInternal             :     exinfo->inclusionlist      = 0000006E9A8EF4EC
[LOG] SystemI::createSoundInternal             :     exinfo->inclusionlistnum   = 1
[LOG] SystemI::createSoundInternal             :     exinfo->suggestedsoundtype = 5
[LOG] SystemI::createSoundInternal             :     exinfo->useropen           = 00007FF84DC9DA20
[LOG] SystemI::createSoundInternal             :     exinfo->userclose          = 00007FF84DC9D9F0
[LOG] SystemI::createSoundInternal             :     exinfo->userread           = 00007FF84DC9DAF0
[LOG] SystemI::createSoundInternal             :     exinfo->userseek           = 00007FF84DC9DBB0
[LOG] SystemI::createSoundInternal             :     exinfo->fileuserdata       = 00000180D0ACC8A8
[LOG] SystemI::createSoundInternal             :     exinfo->initialseekpostype = 1
[LOG] SystemI::DSPCodecPoolRegister            :     register codec pool for pool type 5
[LOG] SystemI::createSoundInternal             :     Sample 0/1: name='Kuiftrap_3', format=2, channels=2, frequency=48000, lengthbytes=8480, lengthpcm=72000, pcmblocksize=0, loopstart=0, loopend=0, mode=0x00000000, channelmask=0x00000000, channelorder=0, peakvolume=0.024506.
[LOG] SystemI::createSoundInternal             :     Create name='', mode=0x02000202
[LOG] SystemI::createSoundInternal             :     exinfo->cbsize             = 232
[LOG] SystemI::createSoundInternal             :     exinfo->length             = 43389632
[LOG] SystemI::createSoundInternal             :     exinfo->fileoffset         = 183456
[LOG] SystemI::createSoundInternal             :     exinfo->numsubsounds       = 1
[LOG] SystemI::createSoundInternal             :     exinfo->inclusionlist      = 0000006E9A8EF4EC
[LOG] SystemI::createSoundInternal             :     exinfo->inclusionlistnum   = 1
[LOG] SystemI::createSoundInternal             :     exinfo->suggestedsoundtype = 5
[LOG] SystemI::createSoundInternal             :     exinfo->useropen           = 00007FF84DC9DA20
[LOG] SystemI::createSoundInternal             :     exinfo->userclose          = 00007FF84DC9D9F0
[LOG] SystemI::createSoundInternal             :     exinfo->userread           = 00007FF84DC9DAF0
[LOG] SystemI::createSoundInternal             :     exinfo->userseek           = 00007FF84DC9DBB0
[LOG] SystemI::createSoundInternal             :     exinfo->fileuserdata       = 00000180D0ACC8A8
[LOG] SystemI::createSoundInternal             :     exinfo->initialseekpostype = 1
[LOG] SystemI::DSPCodecPoolRegister            :     register codec pool for pool type 5
[LOG] SystemI::createSoundInternal             :     Sample 0/1: name='WindWoosh.4.1', format=2, channels=2, frequency=48000, lengthbytes=71616, lengthpcm=405000, pcmblocksize=0, loopstart=0, loopend=0, mode=0x00000000, channelmask=0x00000000, channelorder=0, peakvolume=0.414276.
[LOG] SystemI::createSoundInternal             :     Create name='', mode=0x02000202
[LOG] SystemI::createSoundInternal             :     exinfo->cbsize             = 232
[LOG] SystemI::createSoundInternal             :     exinfo->length             = 43389632
[LOG] SystemI::createSoundInternal             :     exinfo->fileoffset         = 183456
[LOG] SystemI::createSoundInternal             :     exinfo->numsubsounds       = 1
[LOG] SystemI::createSoundInternal             :     exinfo->inclusionlist      = 0000006E9A8EF4EC
[LOG] SystemI::createSoundInternal             :     exinfo->inclusionlistnum   = 1
[LOG] SystemI::createSoundInternal             :     exinfo->suggestedsoundtype = 5
[LOG] SystemI::createSoundInternal             :     exinfo->useropen           = 00007FF84DC9DA20
[LOG] SystemI::createSoundInternal             :     exinfo->userclose          = 00007FF84DC9D9F0
[LOG] SystemI::createSoundInternal             :     exinfo->userread           = 00007FF84DC9DAF0
[LOG] SystemI::createSoundInternal             :     exinfo->userseek           = 00007FF84DC9DBB0
[LOG] SystemI::createSoundInternal             :     exinfo->fileuserdata       = 00000180D0ACC8A8
[LOG] SystemI::createSoundInternal             :     exinfo->initialseekpostype = 1
[LOG] SystemI::DSPCodecPoolRegister            :     register codec pool for pool type 5
[LOG] SystemI::createSoundInternal             :     Sample 0/1: name='Kuiftrap_1', format=2, channels=2, frequency=48000, lengthbytes=7488, lengthpcm=72000, pcmblocksize=0, loopstart=0, loopend=0, mode=0x00000000, channelmask=0x00000000, channelorder=0, peakvolume=0.026703.
[LOG] SystemI::createSoundInternal             :     Create name='', mode=0x02000202
[LOG] SystemI::createSoundInternal             :     exinfo->cbsize             = 232
[LOG] SystemI::createSoundInternal             :     exinfo->length             = 43389632
[LOG] SystemI::createSoundInternal             :     exinfo->fileoffset         = 183456
[LOG] SystemI::createSoundInternal             :     exinfo->numsubsounds       = 1
[LOG] SystemI::createSoundInternal             :     exinfo->inclusionlist      = 0000006E9A8EF4EC
[LOG] SystemI::createSoundInternal             :     exinfo->inclusionlistnum   = 1
[LOG] SystemI::createSoundInternal             :     exinfo->suggestedsoundtype = 5
[LOG] SystemI::createSoundInternal             :     exinfo->useropen           = 00007FF84DC9DA20
[LOG] SystemI::createSoundInternal             :     exinfo->userclose          = 00007FF84DC9D9F0
[LOG] SystemI::createSoundInternal             :     exinfo->userread           = 00007FF84DC9DAF0
[LOG] SystemI::createSoundInternal             :     exinfo->userseek           = 00007FF84DC9DBB0
[LOG] SystemI::createSoundInternal             :     exinfo->fileuserdata       = 00000180D0ACC8A8
[LOG] SystemI::createSoundInternal             :     exinfo->initialseekpostype = 1
[LOG] Thread::initThread                       :     Init FMOD file thread. Priority: 1, Stack Size: 16384, Semaphore: No, Sleep Time: 10, Looping: Yes.
[LOG] SystemI::DSPCodecPoolRegister            :     register codec pool for pool type 5
[LOG] SystemI::createSoundInternal             :     Sample 0/1: name='UnnamedBird_2', format=2, channels=2, frequency=48000, lengthbytes=5280, lengthpcm=68883, pcmblocksize=0, loopstart=0, loopend=0, mode=0x00000000, channelmask=0x00000000, channelorder=0, peakvolume=0.021704.
[LOG] SystemI::createSoundInternal             :     Create name='', mode=0x02000202
[LOG] SystemI::createSoundInternal             :     exinfo->cbsize             = 232
[LOG] SystemI::createSoundInternal             :     exinfo->length             = 43389632
[LOG] SystemI::createSoundInternal             :     exinfo->fileoffset         = 183456
[LOG] SystemI::createSoundInternal             :     exinfo->numsubsounds       = 1
[LOG] SystemI::createSoundInternal             :     exinfo->inclusionlist      = 0000006E9A8EF4EC
[LOG] SystemI::createSoundInternal             :     exinfo->inclusionlistnum   = 1
[LOG] SystemI::createSoundInternal             :     exinfo->suggestedsoundtype = 5
[LOG] SystemI::createSoundInternal             :     exinfo->useropen           = 00007FF84DC9DA20
[LOG] SystemI::createSoundInternal             :     exinfo->userclose          = 00007FF84DC9D9F0
[LOG] SystemI::createSoundInternal             :     exinfo->userread           = 00007FF84DC9DAF0
[LOG] SystemI::createSoundInternal             :     exinfo->userseek           = 00007FF84DC9DBB0
[LOG] SystemI::createSoundInternal             :     exinfo->fileuserdata       = 00000180D0ACC8A8
[LOG] SystemI::createSoundInternal             :     exinfo->initialseekpostype = 1
[LOG] SystemI::DSPCodecPoolRegister            :     register codec pool for pool type 5
[LOG] SystemI::createSoundInternal             :     Sample 0/1: name='Kieviet_2', format=2, channels=2, frequency=48000, lengthbytes=13504, lengthpcm=144000, pcmblocksize=0, loopstart=0, loopend=0, mode=0x00000000, channelmask=0x00000000, channelorder=0, peakvolume=0.237446.
[LOG] SystemI::createSoundInternal             :     Create name='', mode=0x02000202
[LOG] SystemI::createSoundInternal             :     exinfo->cbsize             = 232
[LOG] SystemI::createSoundInternal             :     exinfo->length             = 43389632
[LOG] SystemI::createSoundInternal             :     exinfo->fileoffset         = 183456
[LOG] SystemI::createSoundInternal             :     exinfo->numsubsounds       = 1
[LOG] SystemI::createSoundInternal             :     exinfo->inclusionlist      = 0000006E9A8EF4EC
[LOG] SystemI::createSoundInternal             :     exinfo->inclusionlistnum   = 1
[LOG] SystemI::createSoundInternal             :     exinfo->suggestedsoundtype = 5
[LOG] SystemI::createSoundInternal             :     exinfo->useropen           = 00007FF84DC9DA20
[LOG] SystemI::createSoundInternal             :     exinfo->userclose          = 00007FF84DC9D9F0
[LOG] SystemI::createSoundInternal             :     exinfo->userread           = 00007FF84DC9DAF0
[LOG] SystemI::createSoundInternal             :     exinfo->userseek           = 00007FF84DC9DBB0
[LOG] SystemI::createSoundInternal             :     exinfo->fileuserdata       = 00000180D0ACC8A8
[LOG] SystemI::createSoundInternal             :     exinfo->initialseekpostype = 1
[LOG] SystemI::DSPCodecPoolRegister            :     register codec pool for pool type 5
[LOG] SystemI::createSoundInternal             :     Sample 0/1: name='Kuiftrap_2', format=2, channels=2, frequency=48000, lengthbytes=11232, lengthpcm=72000, pcmblocksize=0, loopstart=0, loopend=0, mode=0x00000000, channelmask=0x00000000, channelorder=0, peakvolume=0.023224.
[LOG] SystemI::createSoundInternal             :     Create name='', mode=0x02000202
[LOG] SystemI::createSoundInternal             :     exinfo->cbsize             = 232
[LOG] SystemI::createSoundInternal             :     exinfo->length             = 43389632
[LOG] SystemI::createSoundInternal             :     exinfo->fileoffset         = 183456
[LOG] SystemI::createSoundInternal             :     exinfo->numsubsounds       = 1
[LOG] SystemI::createSoundInternal             :     exinfo->inclusionlist      = 0000006E9A8EF4EC
[LOG] SystemI::createSoundInternal             :     exinfo->inclusionlistnum   = 1
[LOG] SystemI::createSoundInternal             :     exinfo->suggestedsoundtype = 5
[LOG] SystemI::createSoundInternal             :     exinfo->useropen           = 00007FF84DC9DA20
[LOG] SystemI::createSoundInternal             :     exinfo->userclose          = 00007FF84DC9D9F0
[LOG] SystemI::createSoundInternal             :     exinfo->userread           = 00007FF84DC9DAF0
[LOG] SystemI::createSoundInternal             :     exinfo->userseek           = 00007FF84DC9DBB0
[LOG] SystemI::createSoundInternal             :     exinfo->fileuserdata       = 00000180D0ACC8A8
[LOG] SystemI::createSoundInternal             :     exinfo->initialseekpostype = 1
[LOG] SystemI::DSPCodecPoolRegister            :     register codec pool for pool type 5
[LOG] SystemI::createSoundInternal             :     Sample 0/1: name='UnnamedBird_3', format=2, channels=2, frequency=48000, lengthbytes=5280, lengthpcm=68883, pcmblocksize=0, loopstart=0, loopend=0, mode=0x00000000, channelmask=0x00000000, channelorder=0, peakvolume=0.017090.
[LOG] SystemI::createSoundInternal             :     Create name='', mode=0x02000202
[LOG] SystemI::createSoundInternal             :     exinfo->cbsize             = 232
[LOG] SystemI::createSoundInternal             :     exinfo->length             = 43389632
[LOG] AsyncThread::threadFunc                  : Finished Asynchronous operation on sound 000001888EAA0E08
[LOG] SystemI::createSoundInternal             : exinfo->fileoffset         = 183456
[LOG] AsyncThread::threadFunc                  : Starting Asynchronous operation on sound 000001888EAA08F8
[LOG] SystemI::createSoundInternal             : exinfo->numsubsounds       = 1
[LOG] SystemI::createSoundInternal             :     Create name='ProjectContext2_FMOD\Build\Desktop/Master Bank.bank', mode=0x02010082
[LOG] SystemI::createSoundInternal             :     exinfo->inclusionlist      = 0000006E9A8EF4EC
[LOG] SystemI::createSoundInternal             :     exinfo->cbsize             = 232
[LOG] SystemI::createSoundInternal             :     exinfo->inclusionlistnum   = 1
[LOG] SystemI::createSoundInternal             :     exinfo->length             = 43389632
[LOG] SystemI::createSoundInternal             :     exinfo->suggestedsoundtype = 5
[LOG] SystemI::createSoundInternal             :     exinfo->fileoffset         = 183456
[LOG] SystemI::createSoundInternal             :     exinfo->useropen           = 00007FF84DC9DA20
[LOG] SystemI::createSoundInternal             :     exinfo->numsubsounds       = 1
[LOG] SystemI::createSoundInternal             :     exinfo->userclose          = 00007FF84DC9D9F0
[LOG] SystemI::createSoundInternal             :     exinfo->inclusionlist      = 00000185DDEF8EB8
[LOG] SystemI::createSoundInternal             :     exinfo->userread           = 00007FF84DC9DAF0
[LOG] SystemI::createSoundInternal             :     exinfo->inclusionlistnum   = 1
[LOG] SystemI::createSoundInternal             :     exinfo->userseek           = 00007FF84DC9DBB0
[LOG] SystemI::createSoundInternal             :     exinfo->suggestedsoundtype = 5
[LOG] SystemI::createSoundInternal             :     exinfo->fileuserdata       = 00000180D0ACC8A8
[LOG] SystemI::createSoundInternal             :     exinfo->initialseekpostype = 1
[LOG] SystemI::createSoundInternal             :     exinfo->initialseekpostype = 1
[LOG] SystemI::DSPCodecPoolRegister            :     register codec pool for pool type 5
[LOG] SystemI::createSoundInternal             :     Sample 0/1: name='Kieviet_1', format=2, channels=2, frequency=48000, lengthbytes=27072, lengthpcm=192000, pcmblocksize=0, loopstart=0, loopend=0, mode=0x00000000, channelmask=0x00000000, channelorder=0, peakvolume=0.175605.
[LOG] SystemI::createSoundInternal             :     Create name='', mode=0x02000202
[LOG] SystemI::createSoundInternal             :     exinfo->cbsize             = 232
[LOG] SystemI::createSoundInternal             :     exinfo->length             = 43389632
[LOG] SystemI::createSoundInternal             :     exinfo->fileoffset         = 183456
[LOG] SystemI::createSoundInternal             :     exinfo->numsubsounds       = 1
[LOG] SystemI::createSoundInternal             :     exinfo->inclusionlist      = 0000006E9A8EF4EC
[LOG] SystemI::createSoundInternal             :     exinfo->inclusionlistnum   = 1
[LOG] SystemI::createSoundInternal             :     exinfo->suggestedsoundtype = 5
[LOG] SystemI::createSoundInternal             :     exinfo->useropen           = 00007FF84DC9DA20
[LOG] SystemI::createSoundInternal             :     exinfo->userclose          = 00007FF84DC9D9F0
[LOG] SystemI::createSoundInternal             :     Stream 0/1: name='Reverb2', format=2, channels=2, frequency=48000, lengthbytes=1153376, lengthpcm=5071557, pcmblocksize=0, loopstart=0, loopend=0, mode=0x00000000, channelmask=0x00000000, channelorder=0, peakvolume=0.082489.
[LOG] SystemI::createSoundInternal             :     exinfo->userread           = 00007FF84DC9DAF0
[LOG] SystemI::createSoundInternal             :     exinfo->userseek           = 00007FF84DC9DBB0
[LOG] SystemI::createSoundInternal             :     exinfo->fileuserdata       = 00000180D0ACC8A8
[LOG] SystemI::createSoundInternal             :     exinfo->initialseekpostype = 1
[LOG] SystemI::DSPCodecPoolRegister            :     register codec pool for pool type 5
[LOG] SystemI::createSoundInternal             :     Sample 0/1: name='UnnamedBird_1', format=2, channels=2, frequency=48000, lengthbytes=5408, lengthpcm=68883, pcmblocksize=0, loopstart=0, loopend=0, mode=0x00000000, channelmask=0x00000000, channelorder=0, peakvolume=0.018089.
[LOG] AsyncThread::threadFunc                  : Finished Asynchronous operation on sound 000001888EAA08F8
[LOG] AsyncThread::threadFunc                  : Starting Asynchronous operation on sound 000001888EAA0C58
[LOG] SystemI::createSoundInternal             :     Create name='ProjectContext2_FMOD\Build\Desktop/Master Bank.bank', mode=0x02010082
[LOG] SystemI::createSoundInternal             :     exinfo->cbsize             = 232
[LOG] SystemI::createSoundInternal             :     exinfo->length             = 43389632
[LOG] SystemI::createSoundInternal             :     exinfo->fileoffset         = 183456
[LOG] SystemI::createSoundInternal             :     exinfo->numsubsounds       = 1
[LOG] SystemI::createSoundInternal             :     exinfo->inclusionlist      = 00000185DDEF9008
[LOG] SystemI::createSoundInternal             :     exinfo->inclusionlistnum   = 1
[LOG] SystemI::createSoundInternal             :     exinfo->suggestedsoundtype = 5
[LOG] SystemI::createSoundInternal             :     exinfo->initialseekpostype = 1
[LOG] SystemI::createSoundInternal             :     Stream 0/1: name='Flute', format=2, channels=2, frequency=48000, lengthbytes=707296, lengthpcm=5071557, pcmblocksize=0, loopstart=0, loopend=0, mode=0x00000000, channelmask=0x00000000, channelorder=0, peakvolume=0.499634.
[LOG] AsyncThread::threadFunc                  : Finished Asynchronous operation on sound 000001888EAA0C58
[LOG] AsyncThread::threadFunc                  : Starting Asynchronous operation on sound 000001888EAA0FB8
[LOG] SystemI::createSoundInternal             :     Create name='ProjectContext2_FMOD\Build\Desktop/Master Bank.bank', mode=0x02010082
[LOG] SystemI::createSoundInternal             :     exinfo->cbsize             = 232
[LOG] SystemI::createSoundInternal             :     exinfo->length             = 43389632
[LOG] SystemI::createSoundInternal             :     exinfo->fileoffset         = 183456
[LOG] SystemI::createSoundInternal             :     exinfo->numsubsounds       = 1
[LOG] SystemI::createSoundInternal             :     exinfo->inclusionlist      = 00000185DDEF9158
[LOG] SystemI::createSoundInternal             :     exinfo->inclusionlistnum   = 1
[LOG] SystemI::createSoundInternal             :     exinfo->suggestedsoundtype = 5
[LOG] SystemI::createSoundInternal             :     exinfo->initialseekpostype = 1
[LOG] SystemI::createSoundInternal             :     Stream 0/1: name='Reverb1', format=2, channels=2, frequency=48000, lengthbytes=1263232, lengthpcm=5071557, pcmblocksize=0, loopstart=0, loopend=0, mode=0x00000000, channelmask=0x00000000, channelorder=0, peakvolume=0.101227.
[LOG] AsyncThread::threadFunc                  : Finished Asynchronous operation on sound 000001888EAA0FB8
[LOG] AsyncThread::threadFunc                  : Starting Asynchronous operation on sound 000001888EAA1168
[LOG] SystemI::createSoundInternal             :     Create name='ProjectContext2_FMOD\Build\Desktop/Master Bank.bank', mode=0x02010082
[LOG] SystemI::createSoundInternal             :     exinfo->cbsize             = 232
[LOG] SystemI::createSoundInternal             :     exinfo->length             = 43389632
[LOG] SystemI::createSoundInternal             :     exinfo->fileoffset         = 183456
[LOG] SystemI::createSoundInternal             :     exinfo->numsubsounds       = 1
[LOG] SystemI::createSoundInternal             :     exinfo->inclusionlist      = 00000185DDEF9548
[LOG] SystemI::createSoundInternal             :     exinfo->inclusionlistnum   = 1
[LOG] SystemI::createSoundInternal             :     exinfo->suggestedsoundtype = 5
[LOG] SystemI::createSoundInternal             :     exinfo->initialseekpostype = 1
[LOG] SystemI::createSoundInternal             :     Stream 0/1: name='Dizi_Large', format=2, channels=2, frequency=48000, lengthbytes=423456, lengthpcm=5071557, pcmblocksize=0, loopstart=0, loopend=0, mode=0x00000000, channelmask=0x00000000, channelorder=0, peakvolume=0.303711.
[LOG] AsyncThread::threadFunc                  : Finished Asynchronous operation on sound 000001888EAA1168
[LOG] AsyncThread::threadFunc                  : Starting Asynchronous operation on sound 000001888EAA1318
[LOG] SystemI::createSoundInternal             :     Create name='ProjectContext2_FMOD\Build\Desktop/Master Bank.bank', mode=0x02010082
[LOG] SystemI::createSoundInternal             :     exinfo->cbsize             = 232
[LOG] SystemI::createSoundInternal             :     exinfo->length             = 43389632
[LOG] SystemI::createSoundInternal             :     exinfo->fileoffset         = 183456
[LOG] SystemI::createSoundInternal             :     exinfo->numsubsounds       = 1
[LOG] SystemI::createSoundInternal             :     exinfo->inclusionlist      = 00000182DEE97F38
[LOG] SystemI::createSoundInternal             :     exinfo->inclusionlistnum   = 1
[LOG] SystemI::createSoundInternal             :     exinfo->suggestedsoundtype = 5
[LOG] SystemI::createSoundInternal             :     exinfo->initialseekpostype = 1
[LOG] SystemI::createSoundInternal             :     Stream 0/1: name='Oboe', format=2, channels=2, frequency=48000, lengthbytes=625888, lengthpcm=5071557, pcmblocksize=0, loopstart=0, loopend=0, mode=0x00000000, channelmask=0x00000000, channelorder=0, peakvolume=0.659790.
[LOG] AsyncThread::threadFunc                  : Finished Asynchronous operation on sound 000001888EAA1318
[LOG] AsyncThread::threadFunc                  : Starting Asynchronous operation on sound 00000183D47CFA88
[LOG] SystemI::createSoundInternal             :     Create name='ProjectContext2_FMOD\Build\Desktop/Master Bank.bank', mode=0x02010082
[LOG] SystemI::createSoundInternal             :     exinfo->cbsize             = 232
[LOG] SystemI::createSoundInternal             :     exinfo->length             = 43389632
[LOG] SystemI::createSoundInternal             :     exinfo->fileoffset         = 183456
[LOG] SystemI::createSoundInternal             :     exinfo->numsubsounds       = 1
[LOG] SystemI::createSoundInternal             :     exinfo->inclusionlist      = 00000182DEE98088
[LOG] SystemI::createSoundInternal             :     exinfo->inclusionlistnum   = 1
[LOG] SystemI::createSoundInternal             :     exinfo->suggestedsoundtype = 5
[LOG] SystemI::createSoundInternal             :     exinfo->initialseekpostype = 1
[LOG] SystemI::createSoundInternal             :     Stream 0/1: name='4-string Bass Guitar', format=2, channels=2, frequency=48000, lengthbytes=673664, lengthpcm=5071557, pcmblocksize=0, loopstart=0, loopend=0, mode=0x00000000, channelmask=0x00000000, channelorder=0, peakvolume=0.164215.
[LOG] AsyncThread::threadFunc                  : Finished Asynchronous operation on sound 00000183D47CFA88
[LOG] AsyncThread::threadFunc                  : Starting Asynchronous operation on sound 00000183D47CF578
[LOG] SystemI::createSoundInternal             :     Create name='ProjectContext2_FMOD\Build\Desktop/Master Bank.bank', mode=0x02010082
[LOG] SystemI::createSoundInternal             :     exinfo->cbsize             = 232
[LOG] SystemI::createSoundInternal             :     exinfo->length             = 43389632
[LOG] SystemI::createSoundInternal             :     exinfo->fileoffset         = 183456
[LOG] SystemI::createSoundInternal             :     exinfo->numsubsounds       = 1
[LOG] SystemI::createSoundInternal             :     exinfo->inclusionlist      = 00000182DEE96258
[LOG] SystemI::createSoundInternal             :     exinfo->inclusionlistnum   = 1
[LOG] SystemI::createSoundInternal             :     exinfo->suggestedsoundtype = 5
[LOG] SystemI::createSoundInternal             :     exinfo->initialseekpostype = 1
[LOG] SystemI::createSoundInternal             :     Stream 0/1: name='bansuri flute1 (brother)', format=2, channels=2, frequency=48000, lengthbytes=380608, lengthpcm=5071557, pcmblocksize=0, loopstart=0, loopend=0, mode=0x00000000, channelmask=0x00000000, channelorder=0, peakvolume=0.067627.
[LOG] AsyncThread::threadFunc                  : Finished Asynchronous operation on sound 00000183D47CF578
[LOG] AsyncThread::threadFunc                  : Starting Asynchronous operation on sound 00000183D47CF728
[LOG] SystemI::createSoundInternal             :     Create name='ProjectContext2_FMOD\Build\Desktop/Master Bank.bank', mode=0x02010082
[LOG] SystemI::createSoundInternal             :     exinfo->cbsize             = 232
[LOG] SystemI::createSoundInternal             :     exinfo->length             = 43389632
[LOG] SystemI::createSoundInternal             :     exinfo->fileoffset         = 183456
[LOG] SystemI::createSoundInternal             :     exinfo->numsubsounds       = 1
[LOG] SystemI::createSoundInternal             :     exinfo->inclusionlist      = 00000182DEE96A38
[LOG] SystemI::createSoundInternal             :     exinfo->inclusionlistnum   = 1
[LOG] SystemI::createSoundInternal             :     exinfo->suggestedsoundtype = 5
[LOG] SystemI::createSoundInternal             :     exinfo->initialseekpostype = 1
[LOG] SystemI::createSoundInternal             :     Stream 0/1: name='Ghuzeng', format=2, channels=2, frequency=48000, lengthbytes=1068704, lengthpcm=5071557, pcmblocksize=0, loopstart=0, loopend=0, mode=0x00000000, channelmask=0x00000000, channelorder=0, peakvolume=0.540588.
[LOG] AsyncThread::threadFunc                  : Finished Asynchronous operation on sound 00000183D47CF728
[LOG] AsyncThread::threadFunc                  : Starting Asynchronous operation on sound 00000183D47CF8D8
[LOG] SystemI::createSoundInternal             :     Create name='ProjectContext2_FMOD\Build\Desktop/Master Bank.bank', mode=0x02010082
[LOG] SystemI::createSoundInternal             :     exinfo->cbsize             = 232
[LOG] SystemI::createSoundInternal             :     exinfo->length             = 43389632
[LOG] SystemI::createSoundInternal             :     exinfo->fileoffset         = 183456
[LOG] SystemI::createSoundInternal             :     exinfo->numsubsounds       = 1
[LOG] SystemI::createSoundInternal             :     exinfo->inclusionlist      = 00000182DEE96CD8
[LOG] SystemI::createSoundInternal             :     exinfo->inclusionlistnum   = 1
[LOG] SystemI::createSoundInternal             :     exinfo->suggestedsoundtype = 5
[LOG] SystemI::createSoundInternal             :     exinfo->initialseekpostype = 1
[LOG] SystemI::createSoundInternal             :     Stream 0/1: name='Piano - stem', format=2, channels=2, frequency=48000, lengthbytes=729088, lengthpcm=5071557, pcmblocksize=0, loopstart=0, loopend=0, mode=0x00000000, channelmask=0x00000000, channelorder=0, peakvolume=0.194153.
[LOG] AsyncThread::threadFunc                  : Finished Asynchronous operation on sound 00000183D47CF8D8
[LOG] AsyncThread::threadFunc                  : Starting Asynchronous operation on sound 00000183D47CFC38
[LOG] SystemI::createSoundInternal             :     Create name='ProjectContext2_FMOD\Build\Desktop/Master Bank.bank', mode=0x02010082
[LOG] SystemI::createSoundInternal             :     exinfo->cbsize             = 232
[LOG] SystemI::createSoundInternal             :     exinfo->length             = 43389632
[LOG] SystemI::createSoundInternal             :     exinfo->fileoffset         = 183456
[LOG] SystemI::createSoundInternal             :     exinfo->numsubsounds       = 1
[LOG] SystemI::createSoundInternal             :     exinfo->inclusionlist      = 000001800D9B4FF8
[LOG] SystemI::createSoundInternal             :     exinfo->inclusionlistnum   = 1
[LOG] SystemI::createSoundInternal             :     exinfo->suggestedsoundtype = 5
[LOG] SystemI::createSoundInternal             :     exinfo->initialseekpostype = 1
[LOG] SystemI::createSoundInternal             :     Stream 0/1: name='Waterfall', format=2, channels=2, frequency=48000, lengthbytes=220544, lengthpcm=1205999, pcmblocksize=0, loopstart=0, loopend=0, mode=0x00000000, channelmask=0x00000000, channelorder=0, peakvolume=0.917322.
[LOG] AsyncThread::threadFunc                  : Finished Asynchronous operation on sound 00000183D47CFC38
[LOG] AsyncThread::threadFunc                  : Starting Asynchronous operation on sound 00000183D47CFDE8
[LOG] SystemI::createSoundInternal             :     Create name='ProjectContext2_FMOD\Build\Desktop/Master Bank.bank', mode=0x02010082
[LOG] SystemI::createSoundInternal             :     exinfo->cbsize             = 232
[LOG] SystemI::createSoundInternal             :     exinfo->length             = 43389632
[LOG] SystemI::createSoundInternal             :     exinfo->fileoffset         = 183456
[LOG] SystemI::createSoundInternal             :     exinfo->numsubsounds       = 1
[LOG] SystemI::createSoundInternal             :     exinfo->inclusionlist      = 000001800D9B5A78
[LOG] SystemI::createSoundInternal             :     exinfo->inclusionlistnum   = 1
[LOG] SystemI::createSoundInternal             :     exinfo->suggestedsoundtype = 5
[LOG] SystemI::createSoundInternal             :     exinfo->initialseekpostype = 1
[LOG] SystemI::createSoundInternal             :     Stream 0/1: name='Waterfall', format=2, channels=2, frequency=48000, lengthbytes=220544, lengthpcm=1205999, pcmblocksize=0, loopstart=0, loopend=0, mode=0x00000000, channelmask=0x00000000, channelorder=0, peakvolume=0.917322.
[LOG] AsyncThread::threadFunc                  : Finished Asynchronous operation on sound 00000183D47CFDE8
[LOG] SoundI::getSubSound                      : sound 000001888EAA0E08.  Subsound index 0 / 1
[LOG] SoundI::getSubSound                      : sound 000001888EAA08F8.  Subsound index 0 / 1
[LOG] SoundI::getSubSound                      : sound 000001888EAA0C58.  Subsound index 0 / 1
[LOG] SoundI::getSubSound                      : sound 000001888EAA0FB8.  Subsound index 0 / 1
[LOG] SoundI::getSubSound                      : sound 000001888EAA1168.  Subsound index 0 / 1
[LOG] SoundI::getSubSound                      : sound 000001888EAA1318.  Subsound index 0 / 1
[LOG] SoundI::getSubSound                      : sound 00000183D47CFA88.  Subsound index 0 / 1
[LOG] SoundI::getSubSound                      : sound 00000183D47CF578.  Subsound index 0 / 1
[LOG] SoundI::getSubSound                      : sound 00000183D47CF728.  Subsound index 0 / 1
[LOG] SoundI::getSubSound                      : sound 00000183D47CF8D8.  Subsound index 0 / 1
[LOG] SoundI::getSubSound                      : sound 00000183D47CFC38.  Subsound index 0 / 1
[LOG] SoundI::getSubSound                      : sound 00000183D47CFDE8.  Subsound index 0 / 1
[LOG] SystemI::createSound                     : filename = ProjectContext2_FMOD\Build\Desktop/Master Bank.bank : mode 02010082
[LOG] SystemI::createSound                     : FMOD_NONBLOCKING specified.  Putting into queue to be opened asynchronously!
[LOG] SystemI::createSound                     : setdata soundi = 0000018879E5B5A8 : node = 000001854D24C540
[LOG] SystemI::createSound                     : add node to async list : head = 00000185AF5D5D38.  list count = 0
[LOG] AsyncThread::threadFunc                  : Starting Asynchronous operation on sound 0000018879E5B5A8
[LOG] SystemI::createSound                     : filename = ProjectContext2_FMOD\Build\Desktop/Master Bank.bank : mode 02010082
[LOG] SystemI::createSoundInternal             :     Create name='ProjectContext2_FMOD\Build\Desktop/Master Bank.bank', mode=0x02010082
[LOG] SystemI::createSound                     :     FMOD_NONBLOCKING specified.  Putting into queue to be opened asynchronously!
[LOG] SystemI::createSoundInternal             :     exinfo->cbsize             = 232
[LOG] SystemI::createSound                     :     setdata soundi = 0000018879E5AB88 : node = 00000183918BBC50
[LOG] SystemI::createSoundInternal             :     exinfo->length             = 43389632
[LOG] SystemI::createSound                     :     add node to async list : head = 00000185AF5D5D38.  list count = 0
[LOG] SystemI::createSoundInternal             :     exinfo->fileoffset         = 183456
[LOG] SystemI::createSoundInternal             :     exinfo->numsubsounds       = 1
[LOG] SystemI::createSoundInternal             :     exinfo->inclusionlist      = 000001854D24C658
[LOG] SystemI::createSoundInternal             :     exinfo->inclusionlistnum   = 1
[LOG] SystemI::createSoundInternal             :     exinfo->suggestedsoundtype = 5
[LOG] SystemI::createSoundInternal             :     exinfo->initialseekpostype = 1
[LOG] SystemI::createSound                     :     filename = ProjectContext2_FMOD\Build\Desktop/Master Bank.bank : mode 02010082
[LOG] SystemI::createSound                     :     FMOD_NONBLOCKING specified.  Putting into queue to be opened asynchronously!
[LOG] SystemI::createSound                     :     setdata soundi = 0000018879E5AD38 : node = 00000183918BB710
[LOG] SystemI::createSound                     :     add node to async list : head = 00000185AF5D5D38.  list count = 1
[LOG] SystemI::createSoundInternal             :     Stream 0/1: name='462467__uno-reverse__dem-dank-crickets', format=2, channels=1, frequency=48000, lengthbytes=233824, lengthpcm=1444466, pcmblocksize=0, loopstart=0, loopend=0, mode=0x00000000, channelmask=0x00000000, channelorder=0, peakvolume=0.006997.
[LOG] AsyncThread::threadFunc                  : Finished Asynchronous operation on sound 0000018879E5B5A8
[LOG] AsyncThread::threadFunc                  : Starting Asynchronous operation on sound 0000018879E5AB88
[LOG] SystemI::createSoundInternal             :     Create name='ProjectContext2_FMOD\Build\Desktop/Master Bank.bank', mode=0x02010082
[LOG] SystemI::createSoundInternal             :     exinfo->cbsize             = 232
[LOG] SystemI::createSoundInternal             :     exinfo->length             = 43389632
[LOG] SystemI::createSoundInternal             :     exinfo->fileoffset         = 183456
[LOG] SystemI::createSoundInternal             :     exinfo->numsubsounds       = 1
[LOG] SystemI::createSoundInternal             :     exinfo->inclusionlist      = 00000183918BBD68
[LOG] SystemI::createSoundInternal             :     exinfo->inclusionlistnum   = 1
[LOG] SystemI::createSoundInternal             :     exinfo->suggestedsoundtype = 5
[LOG] SystemI::createSoundInternal             :     exinfo->initialseekpostype = 1
[LOG] SystemI::createSoundInternal             :     Stream 0/1: name='Breeze.3', format=2, channels=2, frequency=48000, lengthbytes=87616, lengthpcm=501263, pcmblocksize=0, loopstart=0, loopend=0, mode=0x00000000, channelmask=0x00000000, channelorder=0, peakvolume=0.026733.
[LOG] AsyncThread::threadFunc                  : Finished Asynchronous operation on sound 0000018879E5AB88
[LOG] AsyncThread::threadFunc                  : Starting Asynchronous operation on sound 0000018879E5AD38
[LOG] SystemI::createSoundInternal             :     Create name='ProjectContext2_FMOD\Build\Desktop/Master Bank.bank', mode=0x02010082
[LOG] SystemI::createSoundInternal             :     exinfo->cbsize             = 232
[LOG] SystemI::createSoundInternal             :     exinfo->length             = 43389632
[LOG] SystemI::createSoundInternal             :     exinfo->fileoffset         = 183456
[LOG] SystemI::createSoundInternal             :     exinfo->numsubsounds       = 1
[LOG] SystemI::createSoundInternal             :     exinfo->inclusionlist      = 00000183918BB828
[LOG] SystemI::createSoundInternal             :     exinfo->inclusionlistnum   = 1
[LOG] SystemI::createSoundInternal             :     exinfo->suggestedsoundtype = 5
[LOG] SystemI::createSoundInternal             :     exinfo->initialseekpostype = 1
[LOG] SystemI::createSoundInternal             :     Stream 0/1: name='WindWoosh.2', format=2, channels=2, frequency=48000, lengthbytes=107328, lengthpcm=677651, pcmblocksize=0, loopstart=0, loopend=0, mode=0x00000000, channelmask=0x00000000, channelorder=0, peakvolume=0.108612.
[LOG] AsyncThread::threadFunc                  : Finished Asynchronous operation on sound 0000018879E5AD38
[LOG] SoundI::getSubSound                      : sound 0000018879E5B5A8.  Subsound index 0 / 1
[LOG] SoundI::getSubSound                      : sound 0000018879E5AB88.  Subsound index 0 / 1
[LOG] SoundI::getSubSound                      : sound 0000018879E5AD38.  Subsound index 0 / 1
[LOG] SystemI::createSound                     : filename = ProjectContext2_FMOD\Build\Desktop/Master Bank.bank : mode 02010082
[LOG] SystemI::createSound                     : FMOD_NONBLOCKING specified.  Putting into queue to be opened asynchronously!
[LOG] SystemI::createSound                     : setdata soundi = 000001888EB58468 : node = 0000018013D66340
[LOG] SystemI::createSound                     : add node to async list : head = 00000185AF5D5D38.  list count = 0
[LOG] AsyncThread::threadFunc                  : Starting Asynchronous operation on sound 000001888EB58468
[LOG] SystemI::createSoundInternal             :     Create name='ProjectContext2_FMOD\Build\Desktop/Master Bank.bank', mode=0x02010082
[LOG] SystemI::createSoundInternal             :     exinfo->cbsize             = 232
[LOG] SystemI::createSoundInternal             :     exinfo->length             = 43389632
[LOG] SystemI::createSoundInternal             :     exinfo->fileoffset         = 183456
[LOG] SystemI::createSoundInternal             :     exinfo->numsubsounds       = 1
[LOG] SystemI::createSoundInternal             :     exinfo->inclusionlist      = 0000018013D66458
[LOG] SystemI::createSoundInternal             :     exinfo->inclusionlistnum   = 1
[LOG] SystemI::createSoundInternal             :     exinfo->suggestedsoundtype = 5
[LOG] SystemI::createSoundInternal             :     exinfo->initialseekpostype = 1
[LOG] SystemI::createSoundInternal             :     Stream 0/1: name='Breeze.4', format=2, channels=2, frequency=48000, lengthbytes=131456, lengthpcm=750924, pcmblocksize=0, loopstart=0, loopend=0, mode=0x00000000, channelmask=0x00000000, channelorder=0, peakvolume=0.028839.
[LOG] AsyncThread::threadFunc                  : Finished Asynchronous operation on sound 000001888EB58468
[LOG] SoundI::getSubSound                      : sound 000001888EB58468.  Subsound index 0 / 1
